<?xml version="1.0" encoding="UTF-8"?>
<testng-results ignored="0" total="2" passed="2" failed="0" skipped="0">
  <reporter-output>
  </reporter-output>
  <suite started-at="2025-03-03T22:42:21 IST" name="Suite" finished-at="2025-03-03T22:42:50 IST" duration-ms="28371">
    <groups>
      <group name="Master">
        <method signature="TC1_Registration.Register()[pri:0, instance:testCases.TC1_Registration@6e6f2380]" name="Register" class="testCases.TC1_Registration"/>
        <method signature="TC2_LoginTest.VerifyLogin()[pri:0, instance:testCases.TC2_LoginTest@5b1669c0]" name="VerifyLogin" class="testCases.TC2_LoginTest"/>
      </group> <!-- Master -->
      <group name="Sanity">
        <method signature="TC1_Registration.Register()[pri:0, instance:testCases.TC1_Registration@6e6f2380]" name="Register" class="testCases.TC1_Registration"/>
      </group> <!-- Sanity -->
      <group name="Regression">
        <method signature="TC2_LoginTest.VerifyLogin()[pri:0, instance:testCases.TC2_LoginTest@5b1669c0]" name="VerifyLogin" class="testCases.TC2_LoginTest"/>
      </group> <!-- Regression -->
    </groups>
    <test started-at="2025-03-03T22:42:21 IST" name="Test" finished-at="2025-03-03T22:42:50 IST" duration-ms="28371">
      <class name="testCases.TC1_Registration">
        <test-method is-config="true" signature="setup(java.lang.String)[pri:0, instance:testCases.TC1_Registration@6e6f2380]" started-at="2025-03-03T22:42:21 IST" name="setup" finished-at="2025-03-03T22:42:34 IST" duration-ms="12427" status="PASS">
          <params>
            <param index="0">
              <value>
                <![CDATA[Chrome]]>
              </value>
            </param>
          </params>
          <reporter-output>
          </reporter-output>
        </test-method> <!-- setup -->
        <test-method signature="Register()[pri:0, instance:testCases.TC1_Registration@6e6f2380]" started-at="2025-03-03T22:42:34 IST" name="Register" finished-at="2025-03-03T22:42:37 IST" duration-ms="3467" status="PASS">
          <reporter-output>
          </reporter-output>
        </test-method> <!-- Register -->
        <test-method is-config="true" signature="teardown()[pri:0, instance:testCases.TC1_Registration@6e6f2380]" started-at="2025-03-03T22:42:37 IST" name="teardown" finished-at="2025-03-03T22:42:38 IST" duration-ms="549" status="PASS">
          <reporter-output>
          </reporter-output>
        </test-method> <!-- teardown -->
      </class> <!-- testCases.TC1_Registration -->
      <class name="testCases.TC2_LoginTest">
        <test-method is-config="true" signature="setup(java.lang.String)[pri:0, instance:testCases.TC2_LoginTest@5b1669c0]" started-at="2025-03-03T22:42:38 IST" name="setup" finished-at="2025-03-03T22:42:47 IST" duration-ms="9110" status="PASS">
          <params>
            <param index="0">
              <value>
                <![CDATA[Chrome]]>
              </value>
            </param>
          </params>
          <reporter-output>
          </reporter-output>
        </test-method> <!-- setup -->
        <test-method signature="VerifyLogin()[pri:0, instance:testCases.TC2_LoginTest@5b1669c0]" started-at="2025-03-03T22:42:47 IST" name="VerifyLogin" finished-at="2025-03-03T22:42:49 IST" duration-ms="2015" status="PASS">
          <reporter-output>
          </reporter-output>
        </test-method> <!-- VerifyLogin -->
        <test-method is-config="true" signature="teardown()[pri:0, instance:testCases.TC2_LoginTest@5b1669c0]" started-at="2025-03-03T22:42:49 IST" name="teardown" finished-at="2025-03-03T22:42:50 IST" duration-ms="473" status="PASS">
          <reporter-output>
          </reporter-output>
        </test-method> <!-- teardown -->
      </class> <!-- testCases.TC2_LoginTest -->
    </test> <!-- Test -->
  </suite> <!-- Suite -->
</testng-results>
