<?xml version="1.0" encoding="UTF-8"?>
<testng-results ignored="0" total="2" passed="2" failed="0" skipped="0">
  <reporter-output>
  </reporter-output>
  <suite started-at="2025-03-12T17:43:29 IST" name="Suite" finished-at="2025-03-12T17:43:45 IST" duration-ms="16018">
    <groups>
    </groups>
    <test started-at="2025-03-12T17:43:29 IST" name="Test" finished-at="2025-03-12T17:43:45 IST" duration-ms="16018">
      <class name="testCases.TC4_OrderCamera">
        <test-method is-config="true" signature="setup(java.lang.String)[pri:0, instance:testCases.TC4_OrderCamera@47d9a273]" started-at="2025-03-12T17:43:30 IST" name="setup" finished-at="2025-03-12T17:43:40 IST" duration-ms="10236" status="PASS">
          <params>
            <param index="0">
              <value>
                <![CDATA[Chrome]]>
              </value>
            </param>
          </params>
          <reporter-output>
          </reporter-output>
        </test-method> <!-- setup -->
        <test-method signature="VerifyLogin()[pri:0, instance:testCases.TC4_OrderCamera@47d9a273]" started-at="2025-03-12T17:43:40 IST" name="VerifyLogin" finished-at="2025-03-12T17:43:42 IST" duration-ms="2391" status="PASS">
          <reporter-output>
          </reporter-output>
        </test-method> <!-- VerifyLogin -->
        <test-method signature="orderCamera()[pri:0, instance:testCases.TC4_OrderCamera@47d9a273]" started-at="2025-03-12T17:43:42 IST" name="orderCamera" finished-at="2025-03-12T17:43:45 IST" duration-ms="2599" status="PASS">
          <reporter-output>
          </reporter-output>
        </test-method> <!-- orderCamera -->
        <test-method is-config="true" signature="teardown()[pri:0, instance:testCases.TC4_OrderCamera@47d9a273]" started-at="2025-03-12T17:43:45 IST" name="teardown" finished-at="2025-03-12T17:43:45 IST" duration-ms="381" status="PASS">
          <reporter-output>
          </reporter-output>
        </test-method> <!-- teardown -->
      </class> <!-- testCases.TC4_OrderCamera -->
    </test> <!-- Test -->
  </suite> <!-- Suite -->
</testng-results>
